2022-06-15 11:21:34,489 [restartedMain] INFO    - Try to set FTP_BRANCH SEND_MAIL_FLAG to Failure.
2022-06-15 11:21:34,523 [restartedMain] DEBUG    - update batch_job_status set send_mail_flag=? where batch_name=?
2022-06-15 11:21:34,619 [restartedMain] DEBUG    - select * from Batch_Job_Status where SEND_MAIL_FLAG in (?, ?)
2022-06-15 11:21:34,657 [restartedMain] INFO    - Try to send email for db table:"RPTMART_RULE_DATA".
2022-06-15 11:21:34,659 [restartedMain] ERROR    - Cannot invoke "String.replace(java.lang.CharSequence, java.lang.CharSequence)" because the return value of "batchEmail.dbTable.Batch_Job_Status.getSEND_MAIL_OBJECT()" is null
java.lang.NullPointerException: Cannot invoke "String.replace(java.lang.CharSequence, java.lang.CharSequence)" because the return value of "batchEmail.dbTable.Batch_Job_Status.getSEND_MAIL_OBJECT()" is null
	at batchEmail.BatchEmailApplication.sendSimpleMail(BatchEmailApplication.java:109)
	at batchEmail.BatchEmailApplication.run(BatchEmailApplication.java:64)
	at org.springframework.boot.SpringApplication.callRunner(SpringApplication.java:777)
	at org.springframework.boot.SpringApplication.callRunners(SpringApplication.java:761)
	at org.springframework.boot.SpringApplication.run(SpringApplication.java:310)
	at org.springframework.boot.SpringApplication.run(SpringApplication.java:1312)
	at org.springframework.boot.SpringApplication.run(SpringApplication.java:1301)
	at batchEmail.BatchEmailApplication.main(BatchEmailApplication.java:74)
	at java.base/jdk.internal.reflect.NativeMethodAccessorImpl.invoke0(Native Method)
	at java.base/jdk.internal.reflect.NativeMethodAccessorImpl.invoke(NativeMethodAccessorImpl.java:77)
	at java.base/jdk.internal.reflect.DelegatingMethodAccessorImpl.invoke(DelegatingMethodAccessorImpl.java:43)
	at java.base/java.lang.reflect.Method.invoke(Method.java:568)
	at org.springframework.boot.devtools.restart.RestartLauncher.run(RestartLauncher.java:49)
2022-06-15 11:21:34,660 [restartedMain] INFO    - Try to send email for db table:"AF_CASE_STATUS".
