2022-06-15 10:58:59,479 [main] DEBUG    - Adding type registration ncharacter -> org.hibernate.type.CharacterNCharType@4cc8d70d
2022-06-15 10:58:59,488 [main] DEBUG    - Adding type registration url -> org.hibernate.type.UrlType@2c47a053
2022-06-15 10:58:59,489 [main] DEBUG    - Adding type registration java.net.URL -> org.hibernate.type.UrlType@2c47a053
2022-06-15 10:58:59,491 [main] DEBUG    - Adding type registration Duration -> org.hibernate.type.DurationType@26c7b1c6
2022-06-15 10:58:59,492 [main] DEBUG    - Adding type registration java.time.Duration -> org.hibernate.type.DurationType@26c7b1c6
2022-06-15 10:58:59,496 [main] DEBUG    - Adding type registration Instant -> org.hibernate.type.InstantType@68e5c7ae
2022-06-15 10:58:59,497 [main] DEBUG    - Adding type registration java.time.Instant -> org.hibernate.type.InstantType@68e5c7ae
2022-06-15 10:58:59,500 [main] DEBUG    - Adding type registration LocalDateTime -> org.hibernate.type.LocalDateTimeType@437281c5
2022-06-15 10:58:59,500 [main] DEBUG    - Adding type registration java.time.LocalDateTime -> org.hibernate.type.LocalDateTimeType@437281c5
2022-06-15 10:58:59,503 [main] DEBUG    - Adding type registration LocalDate -> org.hibernate.type.LocalDateType@73e4bb60
2022-06-15 10:58:59,503 [main] DEBUG    - Adding type registration java.time.LocalDate -> org.hibernate.type.LocalDateType@73e4bb60
2022-06-15 10:58:59,506 [main] DEBUG    - Adding type registration LocalTime -> org.hibernate.type.LocalTimeType@7767bd4e
2022-06-15 10:58:59,507 [main] DEBUG    - Adding type registration java.time.LocalTime -> org.hibernate.type.LocalTimeType@7767bd4e
2022-06-15 10:58:59,510 [main] DEBUG    - Adding type registration OffsetDateTime -> org.hibernate.type.OffsetDateTimeType@5bf4764d
2022-06-15 10:58:59,511 [main] DEBUG    - Adding type registration java.time.OffsetDateTime -> org.hibernate.type.OffsetDateTimeType@5bf4764d
2022-06-15 10:58:59,514 [main] DEBUG    - Adding type registration OffsetTime -> org.hibernate.type.OffsetTimeType@2f04993d
2022-06-15 10:58:59,515 [main] DEBUG    - Adding type registration java.time.OffsetTime -> org.hibernate.type.OffsetTimeType@2f04993d
2022-06-15 10:58:59,520 [main] DEBUG    - Adding type registration ZonedDateTime -> org.hibernate.type.ZonedDateTimeType@38cfecf3
2022-06-15 10:58:59,520 [main] DEBUG    - Adding type registration java.time.ZonedDateTime -> org.hibernate.type.ZonedDateTimeType@38cfecf3
2022-06-15 10:58:59,525 [main] DEBUG    - Adding type registration date -> org.hibernate.type.DateType@74e497ae
2022-06-15 10:58:59,526 [main] DEBUG    - Adding type registration java.sql.Date -> org.hibernate.type.DateType@74e497ae
2022-06-15 10:58:59,530 [main] DEBUG    - Adding type registration time -> org.hibernate.type.TimeType@782fd504
2022-06-15 10:58:59,530 [main] DEBUG    - Adding type registration java.sql.Time -> org.hibernate.type.TimeType@782fd504
2022-06-15 10:58:59,533 [main] DEBUG    - Adding type registration timestamp -> org.hibernate.type.TimestampType@4db0ba1c
2022-06-15 10:58:59,534 [main] DEBUG    - Adding type registration java.sql.Timestamp -> org.hibernate.type.TimestampType@4db0ba1c
2022-06-15 10:58:59,534 [main] DEBUG    - Adding type registration java.util.Date -> org.hibernate.type.TimestampType@4db0ba1c
2022-06-15 10:58:59,537 [main] DEBUG    - Adding type registration dbtimestamp -> org.hibernate.type.DbTimestampType@9e30f9a
2022-06-15 10:58:59,540 [main] DEBUG    - Adding type registration calendar -> org.hibernate.type.CalendarType@4ea1aa52
2022-06-15 10:58:59,541 [main] DEBUG    - Adding type registration java.util.Calendar -> org.hibernate.type.CalendarType@4ea1aa52
2022-06-15 10:58:59,541 [main] DEBUG    - Adding type registration java.util.GregorianCalendar -> org.hibernate.type.CalendarType@4ea1aa52
2022-06-15 10:58:59,542 [main] DEBUG    - Adding type registration calendar_date -> org.hibernate.type.CalendarDateType@5fe46d52
2022-06-15 10:58:59,544 [main] DEBUG    - Adding type registration calendar_time -> org.hibernate.type.CalendarTimeType@2aa5bd48
