2022-06-15 11:21:39,934 [restartedMain] INFO    - Completed.
2022-06-15 11:21:39,945 [restartedMain] INFO    - Try to send email for db table:"RPTMART_01_RPT".
2022-06-15 11:21:39,946 [restartedMain] ERROR    - Cannot invoke "String.replace(java.lang.CharSequence, java.lang.CharSequence)" because the return value of "batchEmail.dbTable.Batch_Job_Status.getSEND_MAIL_OBJECT()" is null
java.lang.NullPointerException: Cannot invoke "String.replace(java.lang.CharSequence, java.lang.CharSequence)" because the return value of "batchEmail.dbTable.Batch_Job_Status.getSEND_MAIL_OBJECT()" is null
	at batchEmail.BatchEmailApplication.sendSimpleMail(BatchEmailApplication.java:109)
	at batchEmail.BatchEmailApplication.run(BatchEmailApplication.java:64)
	at org.springframework.boot.SpringApplication.callRunner(SpringApplication.java:777)
	at org.springframework.boot.SpringApplication.callRunners(SpringApplication.java:761)
	at org.springframework.boot.SpringApplication.run(SpringApplication.java:310)
	at org.springframework.boot.SpringApplication.run(SpringApplication.java:1312)
	at org.springframework.boot.SpringApplication.run(SpringApplication.java:1301)
	at batchEmail.BatchEmailApplication.main(BatchEmailApplication.java:74)
	at java.base/jdk.internal.reflect.NativeMethodAccessorImpl.invoke0(Native Method)
	at java.base/jdk.internal.reflect.NativeMethodAccessorImpl.invoke(NativeMethodAccessorImpl.java:77)
	at java.base/jdk.internal.reflect.DelegatingMethodAccessorImpl.invoke(DelegatingMethodAccessorImpl.java:43)
	at java.base/java.lang.reflect.Method.invoke(Method.java:568)
	at org.springframework.boot.devtools.restart.RestartLauncher.run(RestartLauncher.java:49)
2022-06-15 11:21:39,946 [restartedMain] INFO    - Try to send email for db table:"RPTMART_2_3_RPT".
2022-06-15 11:21:39,947 [restartedMain] ERROR    - Cannot invoke "String.replace(java.lang.CharSequence, java.lang.CharSequence)" because the return value of "batchEmail.dbTable.Batch_Job_Status.getSEND_MAIL_OBJECT()" is null
java.lang.NullPointerException: Cannot invoke "String.replace(java.lang.CharSequence, java.lang.CharSequence)" because the return value of "batchEmail.dbTable.Batch_Job_Status.getSEND_MAIL_OBJECT()" is null
	at batchEmail.BatchEmailApplication.sendSimpleMail(BatchEmailApplication.java:109)
	at batchEmail.BatchEmailApplication.run(BatchEmailApplication.java:64)
	at org.springframework.boot.SpringApplication.callRunner(SpringApplication.java:777)
	at org.springframework.boot.SpringApplication.callRunners(SpringApplication.java:761)
	at org.springframework.boot.SpringApplication.run(SpringApplication.java:310)
	at org.springframework.boot.SpringApplication.run(SpringApplication.java:1312)
	at org.springframework.boot.SpringApplication.run(SpringApplication.java:1301)
	at batchEmail.BatchEmailApplication.main(BatchEmailApplication.java:74)
	at java.base/jdk.internal.reflect.NativeMethodAccessorImpl.invoke0(Native Method)
	at java.base/jdk.internal.reflect.NativeMethodAccessorImpl.invoke(NativeMethodAccessorImpl.java:77)
	at java.base/jdk.internal.reflect.DelegatingMethodAccessorImpl.invoke(DelegatingMethodAccessorImpl.java:43)
	at java.base/java.lang.reflect.Method.invoke(Method.java:568)
	at org.springframework.boot.devtools.restart.RestartLauncher.run(RestartLauncher.java:49)
2022-06-15 11:21:39,947 [restartedMain] INFO    - Try to send email for db table:"RPTMART_14_RPT".
2022-06-15 11:21:39,947 [restartedMain] ERROR    - Cannot invoke "String.replace(java.lang.CharSequence, java.lang.CharSequence)" because the return value of "batchEmail.dbTable.Batch_Job_Status.getSEND_MAIL_OBJECT()" is null
java.lang.NullPointerException: Cannot invoke "String.replace(java.lang.CharSequence, java.lang.CharSequence)" because the return value of "batchEmail.dbTable.Batch_Job_Status.getSEND_MAIL_OBJECT()" is null
	at batchEmail.BatchEmailApplication.sendSimpleMail(BatchEmailApplication.java:109)
	at batchEmail.BatchEmailApplication.run(BatchEmailApplication.java:64)
	at org.springframework.boot.SpringApplication.callRunner(SpringApplication.java:777)
	at org.springframework.boot.SpringApplication.callRunners(SpringApplication.java:761)
	at org.springframework.boot.SpringApplication.run(SpringApplication.java:310)
	at org.springframework.boot.SpringApplication.run(SpringApplication.java:1312)
	at org.springframework.boot.SpringApplication.run(SpringApplication.java:1301)
	at batchEmail.BatchEmailApplication.main(BatchEmailApplication.java:74)
	at java.base/jdk.internal.reflect.NativeMethodAccessorImpl.invoke0(Native Method)
	at java.base/jdk.internal.reflect.NativeMethodAccessorImpl.invoke(NativeMethodAccessorImpl.java:77)
	at java.base/jdk.internal.reflect.DelegatingMethodAccessorImpl.invoke(DelegatingMethodAccessorImpl.java:43)
	at java.base/java.lang.reflect.Method.invoke(Method.java:568)
	at org.springframework.boot.devtools.restart.RestartLauncher.run(RestartLauncher.java:49)
2022-06-15 11:21:39,948 [restartedMain] INFO    - Try to send email for db table:"RPTMART_APPLY_DATA".
