2022-06-15 10:22:53,614 [restartedMain] DEBUG    - Adding type registration byte -> org.hibernate.type.ByteType@1aa8bada
2022-06-15 10:22:53,617 [restartedMain] DEBUG    - Adding type registration java.lang.Byte -> org.hibernate.type.ByteType@1aa8bada
2022-06-15 10:22:53,619 [restartedMain] DEBUG    - Adding type registration character -> org.hibernate.type.CharacterType@486dabf8
2022-06-15 10:22:53,619 [restartedMain] DEBUG    - Adding type registration char -> org.hibernate.type.CharacterType@486dabf8
2022-06-15 10:22:53,619 [restartedMain] DEBUG    - Adding type registration java.lang.Character -> org.hibernate.type.CharacterType@486dabf8
2022-06-15 10:22:53,629 [restartedMain] DEBUG    - Adding type registration short -> org.hibernate.type.ShortType@e0c9d36
2022-06-15 10:22:53,629 [restartedMain] DEBUG    - Adding type registration short -> org.hibernate.type.ShortType@e0c9d36
2022-06-15 10:22:53,629 [restartedMain] DEBUG    - Adding type registration java.lang.Short -> org.hibernate.type.ShortType@e0c9d36
2022-06-15 10:22:53,630 [restartedMain] DEBUG    - Adding type registration integer -> org.hibernate.type.IntegerType@5e5334f4
2022-06-15 10:22:53,630 [restartedMain] DEBUG    - Adding type registration int -> org.hibernate.type.IntegerType@5e5334f4
2022-06-15 10:22:53,630 [restartedMain] DEBUG    - Adding type registration java.lang.Integer -> org.hibernate.type.IntegerType@5e5334f4
2022-06-15 10:22:53,631 [restartedMain] DEBUG    - Adding type registration long -> org.hibernate.type.LongType@309e5e9f
2022-06-15 10:22:53,631 [restartedMain] DEBUG    - Adding type registration long -> org.hibernate.type.LongType@309e5e9f
2022-06-15 10:22:53,631 [restartedMain] DEBUG    - Adding type registration java.lang.Long -> org.hibernate.type.LongType@309e5e9f
2022-06-15 10:22:53,632 [restartedMain] DEBUG    - Adding type registration float -> org.hibernate.type.FloatType@7426ec3
2022-06-15 10:22:53,632 [restartedMain] DEBUG    - Adding type registration float -> org.hibernate.type.FloatType@7426ec3
2022-06-15 10:22:53,632 [restartedMain] DEBUG    - Adding type registration java.lang.Float -> org.hibernate.type.FloatType@7426ec3
2022-06-15 10:22:53,634 [restartedMain] DEBUG    - Adding type registration double -> org.hibernate.type.DoubleType@77b76c51
2022-06-15 10:22:53,634 [restartedMain] DEBUG    - Adding type registration double -> org.hibernate.type.DoubleType@77b76c51
2022-06-15 10:22:53,634 [restartedMain] DEBUG    - Adding type registration java.lang.Double -> org.hibernate.type.DoubleType@77b76c51
2022-06-15 10:22:53,635 [restartedMain] DEBUG    - Adding type registration big_decimal -> org.hibernate.type.BigDecimalType@6688c2be
2022-06-15 10:22:53,635 [restartedMain] DEBUG    - Adding type registration java.math.BigDecimal -> org.hibernate.type.BigDecimalType@6688c2be
2022-06-15 10:22:53,636 [restartedMain] DEBUG    - Adding type registration big_integer -> org.hibernate.type.BigIntegerType@45f74cf1
2022-06-15 10:22:53,636 [restartedMain] DEBUG    - Adding type registration java.math.BigInteger -> org.hibernate.type.BigIntegerType@45f74cf1
2022-06-15 10:22:53,636 [restartedMain] DEBUG    - Adding type registration string -> org.hibernate.type.StringType@a0c8196
2022-06-15 10:22:53,636 [restartedMain] DEBUG    - Adding type registration java.lang.String -> org.hibernate.type.StringType@a0c8196
2022-06-15 10:22:53,637 [restartedMain] DEBUG    - Adding type registration nstring -> org.hibernate.type.StringNVarcharType@4f4e60cf
2022-06-15 10:22:53,637 [restartedMain] DEBUG    - Adding type registration ncharacter -> org.hibernate.type.CharacterNCharType@6c518d90
2022-06-15 10:22:53,638 [restartedMain] DEBUG    - Adding type registration url -> org.hibernate.type.UrlType@27cd8747
2022-06-15 10:22:53,638 [restartedMain] DEBUG    - Adding type registration java.net.URL -> org.hibernate.type.UrlType@27cd8747
2022-06-15 10:22:53,639 [restartedMain] DEBUG    - Adding type registration Duration -> org.hibernate.type.DurationType@acb62d2
2022-06-15 10:22:53,640 [restartedMain] DEBUG    - Adding type registration java.time.Duration -> org.hibernate.type.DurationType@acb62d2
