2022-06-15 11:21:39,948 [restartedMain] ERROR    - Cannot invoke "String.replace(java.lang.CharSequence, java.lang.CharSequence)" because the return value of "batchEmail.dbTable.Batch_Job_Status.getSEND_MAIL_OBJECT()" is null
java.lang.NullPointerException: Cannot invoke "String.replace(java.lang.CharSequence, java.lang.CharSequence)" because the return value of "batchEmail.dbTable.Batch_Job_Status.getSEND_MAIL_OBJECT()" is null
	at batchEmail.BatchEmailApplication.sendSimpleMail(BatchEmailApplication.java:109)
	at batchEmail.BatchEmailApplication.run(BatchEmailApplication.java:64)
	at org.springframework.boot.SpringApplication.callRunner(SpringApplication.java:777)
	at org.springframework.boot.SpringApplication.callRunners(SpringApplication.java:761)
	at org.springframework.boot.SpringApplication.run(SpringApplication.java:310)
	at org.springframework.boot.SpringApplication.run(SpringApplication.java:1312)
	at org.springframework.boot.SpringApplication.run(SpringApplication.java:1301)
	at batchEmail.BatchEmailApplication.main(BatchEmailApplication.java:74)
	at java.base/jdk.internal.reflect.NativeMethodAccessorImpl.invoke0(Native Method)
	at java.base/jdk.internal.reflect.NativeMethodAccessorImpl.invoke(NativeMethodAccessorImpl.java:77)
	at java.base/jdk.internal.reflect.DelegatingMethodAccessorImpl.invoke(DelegatingMethodAccessorImpl.java:43)
	at java.base/java.lang.reflect.Method.invoke(Method.java:568)
	at org.springframework.boot.devtools.restart.RestartLauncher.run(RestartLauncher.java:49)
2022-06-15 11:21:39,951 [restartedMain] INFO    - Try to send email for db table:"FTP_CUST_RELA".
2022-06-15 11:21:39,951 [restartedMain] ERROR    - Cannot invoke "String.replace(java.lang.CharSequence, java.lang.CharSequence)" because the return value of "batchEmail.dbTable.Batch_Job_Status.getSEND_MAIL_OBJECT()" is null
java.lang.NullPointerException: Cannot invoke "String.replace(java.lang.CharSequence, java.lang.CharSequence)" because the return value of "batchEmail.dbTable.Batch_Job_Status.getSEND_MAIL_OBJECT()" is null
	at batchEmail.BatchEmailApplication.sendSimpleMail(BatchEmailApplication.java:109)
	at batchEmail.BatchEmailApplication.run(BatchEmailApplication.java:64)
	at org.springframework.boot.SpringApplication.callRunner(SpringApplication.java:777)
	at org.springframework.boot.SpringApplication.callRunners(SpringApplication.java:761)
	at org.springframework.boot.SpringApplication.run(SpringApplication.java:310)
	at org.springframework.boot.SpringApplication.run(SpringApplication.java:1312)
	at org.springframework.boot.SpringApplication.run(SpringApplication.java:1301)
	at batchEmail.BatchEmailApplication.main(BatchEmailApplication.java:74)
	at java.base/jdk.internal.reflect.NativeMethodAccessorImpl.invoke0(Native Method)
	at java.base/jdk.internal.reflect.NativeMethodAccessorImpl.invoke(NativeMethodAccessorImpl.java:77)
	at java.base/jdk.internal.reflect.DelegatingMethodAccessorImpl.invoke(DelegatingMethodAccessorImpl.java:43)
	at java.base/java.lang.reflect.Method.invoke(Method.java:568)
	at org.springframework.boot.devtools.restart.RestartLauncher.run(RestartLauncher.java:49)
2022-06-15 11:21:39,952 [restartedMain] INFO    - All tasks have been completed.
2022-06-15 11:21:39,959 [restartedMain] INFO    - HikariPool-1 - Shutdown initiated...
2022-06-15 11:21:40,004 [restartedMain] INFO    - HikariPool-1 - Shutdown completed.
2022-06-15 11:24:16,939 [main] INFO    - Starting BatchEmailApplicationTests using Java 17.0.2 on X390 with PID 7780 (started by user01 in C:\workfile\CUB_etl\JavaEE\BatchEmail)
2022-06-15 11:24:16,941 [main] INFO    - No active profile set, falling back to 1 default profile: "default"
