2022-06-15 10:22:53,641 [restartedMain] DEBUG    - Adding type registration Instant -> org.hibernate.type.InstantType@40ca600e
2022-06-15 10:22:53,642 [HikariPool-1 connection adder] DEBUG    - HikariPool-1 - Added connection oracle.jdbc.driver.T4CConnection@4361e8db
2022-06-15 10:22:53,645 [restartedMain] DEBUG    - Adding type registration java.time.Instant -> org.hibernate.type.InstantType@40ca600e
2022-06-15 10:22:53,646 [restartedMain] DEBUG    - Adding type registration LocalDateTime -> org.hibernate.type.LocalDateTimeType@23adc9b6
2022-06-15 10:22:53,647 [restartedMain] DEBUG    - Adding type registration java.time.LocalDateTime -> org.hibernate.type.LocalDateTimeType@23adc9b6
2022-06-15 10:22:53,648 [restartedMain] DEBUG    - Adding type registration LocalDate -> org.hibernate.type.LocalDateType@57a6d372
2022-06-15 10:22:53,648 [restartedMain] DEBUG    - Adding type registration java.time.LocalDate -> org.hibernate.type.LocalDateType@57a6d372
2022-06-15 10:22:53,649 [restartedMain] DEBUG    - Adding type registration LocalTime -> org.hibernate.type.LocalTimeType@4334c2b9
2022-06-15 10:22:53,649 [restartedMain] DEBUG    - Adding type registration java.time.LocalTime -> org.hibernate.type.LocalTimeType@4334c2b9
2022-06-15 10:22:53,650 [restartedMain] DEBUG    - Adding type registration OffsetDateTime -> org.hibernate.type.OffsetDateTimeType@a36c003
2022-06-15 10:22:53,650 [restartedMain] DEBUG    - Adding type registration java.time.OffsetDateTime -> org.hibernate.type.OffsetDateTimeType@a36c003
2022-06-15 10:22:53,651 [restartedMain] DEBUG    - Adding type registration OffsetTime -> org.hibernate.type.OffsetTimeType@75cd0f68
2022-06-15 10:22:53,651 [restartedMain] DEBUG    - Adding type registration java.time.OffsetTime -> org.hibernate.type.OffsetTimeType@75cd0f68
2022-06-15 10:22:53,652 [restartedMain] DEBUG    - Adding type registration ZonedDateTime -> org.hibernate.type.ZonedDateTimeType@7a1d65f9
2022-06-15 10:22:53,653 [restartedMain] DEBUG    - Adding type registration java.time.ZonedDateTime -> org.hibernate.type.ZonedDateTimeType@7a1d65f9
2022-06-15 10:22:53,655 [restartedMain] DEBUG    - Adding type registration date -> org.hibernate.type.DateType@306c3c82
2022-06-15 10:22:53,655 [restartedMain] DEBUG    - Adding type registration java.sql.Date -> org.hibernate.type.DateType@306c3c82
2022-06-15 10:22:53,656 [restartedMain] DEBUG    - Adding type registration time -> org.hibernate.type.TimeType@31bf1818
2022-06-15 10:22:53,657 [restartedMain] DEBUG    - Adding type registration java.sql.Time -> org.hibernate.type.TimeType@31bf1818
2022-06-15 10:22:53,658 [restartedMain] DEBUG    - Adding type registration timestamp -> org.hibernate.type.TimestampType@1af2e32f
2022-06-15 10:22:53,658 [restartedMain] DEBUG    - Adding type registration java.sql.Timestamp -> org.hibernate.type.TimestampType@1af2e32f
2022-06-15 10:22:53,658 [restartedMain] DEBUG    - Adding type registration java.util.Date -> org.hibernate.type.TimestampType@1af2e32f
2022-06-15 10:22:53,659 [restartedMain] DEBUG    - Adding type registration dbtimestamp -> org.hibernate.type.DbTimestampType@5c509689
2022-06-15 10:22:53,660 [restartedMain] DEBUG    - Adding type registration calendar -> org.hibernate.type.CalendarType@34860fe2
2022-06-15 10:22:53,660 [restartedMain] DEBUG    - Adding type registration java.util.Calendar -> org.hibernate.type.CalendarType@34860fe2
2022-06-15 10:22:53,660 [restartedMain] DEBUG    - Adding type registration java.util.GregorianCalendar -> org.hibernate.type.CalendarType@34860fe2
2022-06-15 10:22:53,661 [restartedMain] DEBUG    - Adding type registration calendar_date -> org.hibernate.type.CalendarDateType@1c82b20e
2022-06-15 10:22:53,661 [restartedMain] DEBUG    - Adding type registration calendar_time -> org.hibernate.type.CalendarTimeType@1b05c70f
2022-06-15 10:22:53,662 [restartedMain] DEBUG    - Adding type registration locale -> org.hibernate.type.LocaleType@6290d5fa
2022-06-15 10:22:53,662 [restartedMain] DEBUG    - Adding type registration java.util.Locale -> org.hibernate.type.LocaleType@6290d5fa
2022-06-15 10:22:53,663 [restartedMain] DEBUG    - Adding type registration currency -> org.hibernate.type.CurrencyType@639b3719
2022-06-15 10:22:53,663 [restartedMain] DEBUG    - Adding type registration java.util.Currency -> org.hibernate.type.CurrencyType@639b3719
